22:39:03 │ INFO    │ ════════════════════════════════════════════════════════════
22:39:03 │ INFO    │ Processing: sample_transactions.csv
22:39:03 │ INFO    │ Table type: transactions
22:39:03 │ INFO    │ ════════════════════════════════════════════════════════════
22:39:03 │ INFO    │   Format detected: CSV
22:39:03 │ INFO    │   CSV parsed: 5 rows from sample_transactions.csv
22:39:03 │ INFO    │   ✓ Row 1: Opening Balance
22:39:03 │ INFO    │   ✓ Row 2: Coffee Beans Supply Co
22:39:03 │ INFO    │   ✓ Row 3: Square Payment - Customer Sales
22:39:03 │ INFO    │   ✓ Row 4: Landlord - March Rent
22:39:03 │ INFO    │   ✓ Row 5: Office Catering Client Payment
22:39:03 │ INFO    │ No existing master JSON found — creating new.
22:39:03 │ INFO    │ Computed running balances for 5 transactions (final balance: 3825.00)
22:39:03 │ INFO    │   Merge complete: 5 added, 0 duplicates skipped
22:39:03 │ INFO    │ Saved master JSON: W:\Vault\Codes\fintechSNUChacks26\oraculum 2\Oraculum-Finance\data_layer\master_financial_data.json (txn=5, obl=0, rec=0)
22:39:03 │ INFO    │ 
  ── Summary ──
22:39:03 │ INFO    │   Processed: 5 rows
22:39:03 │ INFO    │   Added:     5
22:39:03 │ INFO    │   Skipped:   0 (duplicates)
22:39:03 │ INFO    │   Errors:    0
22:39:03 │ INFO    │ ════════════════════════════════════════════════════════════
22:40:54 │ INFO    │ ════════════════════════════════════════════════════════════
22:40:54 │ INFO    │ Processing: sample_transactions.csv
22:40:54 │ INFO    │ Table type: transactions
22:40:54 │ INFO    │ ════════════════════════════════════════════════════════════
22:40:54 │ INFO    │   Format detected: CSV
22:40:54 │ INFO    │   CSV parsed: 5 rows from sample_transactions.csv
22:40:54 │ INFO    │   ✓ Row 1: Opening Balance
22:40:54 │ INFO    │   ✓ Row 2: Coffee Beans Supply Co
22:40:54 │ INFO    │   ✓ Row 3: Square Payment - Customer Sales
22:40:54 │ INFO    │   ✓ Row 4: Landlord - March Rent
22:40:54 │ INFO    │   ✓ Row 5: Office Catering Client Payment
22:40:54 │ INFO    │ Loaded master JSON: W:\Vault\Codes\fintechSNUChacks26\oraculum 2\Oraculum-Finance\data_layer\master_financial_data.json
22:40:54 │ INFO    │   ⊘ Duplicate skipped: Opening Balance
22:40:54 │ INFO    │   ⊘ Duplicate skipped: Coffee Beans Supply Co
22:40:54 │ INFO    │   ⊘ Duplicate skipped: Square Payment - Customer Sales
22:40:54 │ INFO    │   ⊘ Duplicate skipped: Landlord - March Rent
22:40:54 │ INFO    │   ⊘ Duplicate skipped: Office Catering Client Payment
22:40:54 │ INFO    │   Merge complete: 0 added, 5 duplicates skipped
22:40:54 │ INFO    │ Saved master JSON: W:\Vault\Codes\fintechSNUChacks26\oraculum 2\Oraculum-Finance\data_layer\master_financial_data.json (txn=5, obl=0, rec=0)
22:40:54 │ INFO    │ 
  ── Summary ──
22:40:54 │ INFO    │   Processed: 5 rows
22:40:54 │ INFO    │   Added:     0
22:40:54 │ INFO    │   Skipped:   5 (duplicates)
22:40:54 │ INFO    │   Errors:    0
22:40:54 │ INFO    │ ════════════════════════════════════════════════════════════
22:41:11 │ INFO    │ ════════════════════════════════════════════════════════════
22:41:11 │ INFO    │ Processing: sample_transactions.csv
22:41:11 │ INFO    │ Table type: transactions
22:41:11 │ INFO    │ ════════════════════════════════════════════════════════════
22:41:11 │ INFO    │   Format detected: CSV
22:41:11 │ INFO    │   CSV parsed: 5 rows from sample_transactions.csv
22:41:11 │ INFO    │   ✓ Row 1: Opening Balance
22:41:11 │ INFO    │   ✓ Row 2: Coffee Beans Supply Co
22:41:11 │ INFO    │   ✓ Row 3: Square Payment - Customer Sales
22:41:11 │ INFO    │   ✓ Row 4: Landlord - March Rent
22:41:11 │ INFO    │   ✓ Row 5: Office Catering Client Payment
22:41:11 │ INFO    │ Loaded master JSON: W:\Vault\Codes\fintechSNUChacks26\oraculum 2\Oraculum-Finance\data_layer\master_financial_data.json
22:41:11 │ INFO    │   ⊘ Duplicate skipped: Opening Balance
22:41:11 │ INFO    │   ⊘ Duplicate skipped: Coffee Beans Supply Co
22:41:11 │ INFO    │   ⊘ Duplicate skipped: Square Payment - Customer Sales
22:41:11 │ INFO    │   ⊘ Duplicate skipped: Landlord - March Rent
22:41:11 │ INFO    │   ⊘ Duplicate skipped: Office Catering Client Payment
22:41:11 │ INFO    │   Merge complete: 0 added, 5 duplicates skipped
22:41:11 │ INFO    │ Saved master JSON: W:\Vault\Codes\fintechSNUChacks26\oraculum 2\Oraculum-Finance\data_layer\master_financial_data.json (txn=5, obl=0, rec=0)
22:41:11 │ INFO    │ 
  ── Summary ──
22:41:11 │ INFO    │   Processed: 5 rows
22:41:11 │ INFO    │   Added:     0
22:41:11 │ INFO    │   Skipped:   5 (duplicates)
22:41:11 │ INFO    │   Errors:    0
22:41:11 │ INFO    │ ════════════════════════════════════════════════════════════
22:42:17 │ INFO    │ ════════════════════════════════════════════════════════════
22:42:17 │ INFO    │ Processing: sample_obligations.csv
22:42:17 │ INFO    │ Table type: obligations
22:42:17 │ INFO    │ ════════════════════════════════════════════════════════════
22:42:17 │ INFO    │   Format detected: CSV
22:42:17 │ INFO    │   CSV parsed: 3 rows from sample_obligations.csv
22:42:17 │ INFO    │   ✓ Row 1: Monthly coffee order
22:42:17 │ INFO    │   ✓ Row 2: April rent
22:42:17 │ INFO    │   ✓ Row 3: Monthly utility bill
22:42:17 │ INFO    │ Loaded master JSON: W:\Vault\Codes\fintechSNUChacks26\oraculum 2\Oraculum-Finance\data_layer\master_financial_data.json
22:42:17 │ INFO    │   Merge complete: 3 added, 0 duplicates skipped
22:42:17 │ INFO    │ Saved master JSON: W:\Vault\Codes\fintechSNUChacks26\oraculum 2\Oraculum-Finance\data_layer\master_financial_data.json (txn=5, obl=3, rec=0)
22:42:17 │ INFO    │ 
  ── Summary ──
22:42:17 │ INFO    │   Processed: 3 rows
22:42:17 │ INFO    │   Added:     3
22:42:17 │ INFO    │   Skipped:   0 (duplicates)
22:42:17 │ INFO    │   Errors:    0
22:42:17 │ INFO    │ ════════════════════════════════════════════════════════════
22:42:17 │ INFO    │ ════════════════════════════════════════════════════════════
22:42:17 │ INFO    │ Processing: sample_transactions.csv
22:42:17 │ INFO    │ Table type: transactions
22:42:17 │ INFO    │ ════════════════════════════════════════════════════════════
22:42:17 │ INFO    │   Format detected: CSV
22:42:17 │ INFO    │   CSV parsed: 5 rows from sample_transactions.csv
22:42:17 │ INFO    │   ✓ Row 1: Opening Balance
22:42:17 │ INFO    │   ✓ Row 2: Coffee Beans Supply Co
22:42:17 │ INFO    │   ✓ Row 3: Square Payment - Customer Sales
22:42:17 │ INFO    │   ✓ Row 4: Landlord - March Rent
22:42:17 │ INFO    │   ✓ Row 5: Office Catering Client Payment
22:42:17 │ INFO    │ Loaded master JSON: W:\Vault\Codes\fintechSNUChacks26\oraculum 2\Oraculum-Finance\data_layer\master_financial_data.json
22:42:17 │ INFO    │   ⊘ Duplicate skipped: Opening Balance
22:42:17 │ INFO    │   ⊘ Duplicate skipped: Coffee Beans Supply Co
22:42:17 │ INFO    │   ⊘ Duplicate skipped: Square Payment - Customer Sales
22:42:17 │ INFO    │   ⊘ Duplicate skipped: Landlord - March Rent
22:42:17 │ INFO    │   ⊘ Duplicate skipped: Office Catering Client Payment
22:42:17 │ INFO    │   Merge complete: 0 added, 5 duplicates skipped
22:42:17 │ INFO    │ Saved master JSON: W:\Vault\Codes\fintechSNUChacks26\oraculum 2\Oraculum-Finance\data_layer\master_financial_data.json (txn=5, obl=3, rec=0)
22:42:17 │ INFO    │ 
  ── Summary ──
22:42:17 │ INFO    │   Processed: 5 rows
22:42:17 │ INFO    │   Added:     0
22:42:17 │ INFO    │   Skipped:   5 (duplicates)
22:42:17 │ INFO    │   Errors:    0
22:42:17 │ INFO    │ ════════════════════════════════════════════════════════════
22:43:09 │ INFO    │ Manual transaction: Test Payment | -100.0 | expense
22:43:09 │ INFO    │ Loaded master JSON: W:\Vault\Codes\fintechSNUChacks26\oraculum 2\Oraculum-Finance\data_layer\master_financial_data.json
22:43:09 │ INFO    │ Computed running balances for 6 transactions (final balance: 3725.00)
22:43:09 │ INFO    │   Merge complete: 1 added, 0 duplicates skipped
22:43:09 │ INFO    │ Saved master JSON: W:\Vault\Codes\fintechSNUChacks26\oraculum 2\Oraculum-Finance\data_layer\master_financial_data.json (txn=6, obl=3, rec=0)
22:43:28 │ INFO    │ ════════════════════════════════════════════════════════════
22:43:28 │ INFO    │ Processing: sample_receivables.json
22:43:28 │ INFO    │ Table type: receivables
22:43:28 │ INFO    │ ════════════════════════════════════════════════════════════
22:43:28 │ INFO    │   Format detected: JSON
22:43:28 │ INFO    │   JSON parsed: 2 records from sample_receivables.json
22:43:28 │ INFO    │   ✓ Row 1: Monthly catering contract - March
22:43:28 │ INFO    │   ✓ Row 2: Software consulting invoice #INV-2024-003
22:43:28 │ INFO    │ Loaded master JSON: W:\Vault\Codes\fintechSNUChacks26\oraculum 2\Oraculum-Finance\data_layer\master_financial_data.json
22:43:28 │ INFO    │   Merge complete: 2 added, 0 duplicates skipped
22:43:28 │ INFO    │ Saved master JSON: W:\Vault\Codes\fintechSNUChacks26\oraculum 2\Oraculum-Finance\data_layer\master_financial_data.json (txn=6, obl=3, rec=2)
22:43:28 │ INFO    │ 
  ── Summary ──
22:43:28 │ INFO    │   Processed: 2 rows
22:43:28 │ INFO    │   Added:     2
22:43:28 │ INFO    │   Skipped:   0 (duplicates)
22:43:28 │ INFO    │   Errors:    0
22:43:28 │ INFO    │ ════════════════════════════════════════════════════════════
22:43:28 │ INFO    │ ════════════════════════════════════════════════════════════
22:43:28 │ INFO    │ Processing: sample_note.txt
22:43:28 │ INFO    │ Table type: transactions
22:43:28 │ INFO    │ ════════════════════════════════════════════════════════════
22:43:28 │ INFO    │   Format detected: TXT
22:43:28 │ INFO    │   Using regex fallback for sample_note.txt
22:43:28 │ INFO    │   Regex fallback extracted 3 records from sample_note.txt
22:43:28 │ INFO    │ 
  ── TRANSACTIONS (1 found) ──
22:43:28 │ INFO    │   ✓ Row 1: Paid coffee beans $950 on March 25th. Need to pay 
22:43:28 │ INFO    │ Loaded master JSON: W:\Vault\Codes\fintechSNUChacks26\oraculum 2\Oraculum-Finance\data_layer\master_financial_data.json
22:43:28 │ INFO    │ Computed running balances for 7 transactions (final balance: 2775.00)
22:43:28 │ INFO    │   Merge complete: 1 added, 0 duplicates skipped
22:43:28 │ INFO    │ Saved master JSON: W:\Vault\Codes\fintechSNUChacks26\oraculum 2\Oraculum-Finance\data_layer\master_financial_data.json (txn=7, obl=3, rec=2)
22:43:28 │ INFO    │ 
  ── Summary ──
22:43:28 │ INFO    │   Processed: 1 rows
22:43:28 │ INFO    │   Added:     1
22:43:28 │ INFO    │   Skipped:   0 (duplicates)
22:43:28 │ INFO    │   Errors:    0
22:43:28 │ INFO    │ 
  ── OBLIGATIONS (1 found) ──
22:43:28 │ INFO    │   ✓ Row 1: Also owe electricity board about $180 end of month
22:43:28 │ INFO    │ Loaded master JSON: W:\Vault\Codes\fintechSNUChacks26\oraculum 2\Oraculum-Finance\data_layer\master_financial_data.json
22:43:28 │ INFO    │   Merge complete: 1 added, 0 duplicates skipped
22:43:28 │ INFO    │ Saved master JSON: W:\Vault\Codes\fintechSNUChacks26\oraculum 2\Oraculum-Finance\data_layer\master_financial_data.json (txn=7, obl=4, rec=2)
22:43:28 │ INFO    │ 
  ── Summary ──
22:43:28 │ INFO    │   Processed: 1 rows
22:43:28 │ INFO    │   Added:     1
22:43:28 │ INFO    │   Skipped:   0 (duplicates)
22:43:28 │ INFO    │   Errors:    0
22:43:28 │ INFO    │ 
  ── RECEIVABLES (1 found) ──
22:43:28 │ INFO    │   ✓ Row 1: Expecting $1250 from Office Catering on March 22nd
22:43:28 │ INFO    │ Loaded master JSON: W:\Vault\Codes\fintechSNUChacks26\oraculum 2\Oraculum-Finance\data_layer\master_financial_data.json
22:43:28 │ INFO    │   Merge complete: 1 added, 0 duplicates skipped
22:43:28 │ INFO    │ Saved master JSON: W:\Vault\Codes\fintechSNUChacks26\oraculum 2\Oraculum-Finance\data_layer\master_financial_data.json (txn=7, obl=4, rec=3)
22:43:28 │ INFO    │ 
  ── Summary ──
22:43:28 │ INFO    │   Processed: 1 rows
22:43:28 │ INFO    │   Added:     1
22:43:28 │ INFO    │   Skipped:   0 (duplicates)
22:43:28 │ INFO    │   Errors:    0
22:43:28 │ INFO    │ 
  TXT total: 3 added, 0 skipped
22:44:23 │ INFO    │ Loaded master JSON: W:\Vault\Codes\fintechSNUChacks26\oraculum 2\Oraculum-Finance\data_layer\master_financial_data.json
